[INFO - episode: 1 >>>>>>>>>>>>>>>>>> ]
[INFO - 2: [0, 1, -1, -1, 54, 32.0, 0.0, 0.0] + 4 + 0 -> [1, 2, -1, 1, 78, 64.0, 0.0, 0.0] + 0]
[INFO - 33: [1, 2, -1, 1, 78, 64.0, 0.0, 0.0] + 4 + 0 -> [2, -1, 0, 1, 134, 96.0, 0.0, 0.0] + 0]
[INFO - 63: [2, -1, 0, 1, 134, 96.0, 0.0, 0.0] + 0 + 16 -> [2, 2, 0, 1, 337, 96.0, 0.0, 0.0] + 10.0]
[INFO - 1: [0, 0, -1, -1, 44, 32.0, 0.0, 0.0] + 3 + 8 -> [0, 1, -1, -1, 54, 32.0, 0.0, 0.0] + 10.0]
[INFO - 64: [2, 2, 0, 1, 337, 96.0, 0.0, 0.0] + 4 + 0 -> [3, 3, 0, -1, 363, 128.0, 0.0, 0.0] + 0]
[INFO - 92: [3, 3, 0, -1, 363, 128.0, 0.0, 0.0] + 0 + 8 -> [3, 3, 0, -1, 363, 128.0, 0.0, 0.0] + 10.0]
[INFO - 93: [3, 3, 0, -1, 363, 128.0, 0.0, 0.0] + 4 + 0 -> [3, 3, 0, -1, 363, 128.0, 0.0, 0.0] + 0]
[INFO - 94: [3, 3, 0, -1, 363, 128.0, 0.0, 0.0] + 4 + 0 -> [3, 3, 0, -1, 363, 128.0, 0.0, 0.0] + 0]
[INFO - 95: [3, 3, 0, -1, 363, 128.0, 0.0, 0.0] + 4 + 0 -> [3, 3, 0, -1, 363, 128.0, 0.0, 0.0] + 0]
[INFO - 96: [3, 3, 0, -1, 363, 128.0, 0.0, 0.0] + 4 + 0 -> [3, 3, 0, -1, 363, 128.0, 0.0, 0.0] + 0]
[INFO - episode: 2 >>>>>>>>>>>>>>>>>> ]
[INFO - 2: [0, 1, -1, -1, 10, 32.0, 0.0, 0.0] + 4 + 0 -> [1, 2, -1, 1, 80, 64.0, 0.0, 0.0] + 0]
[INFO - 33: [1, 2, -1, 1, 80, 64.0, 0.0, 0.0] + 4 + 0 -> [2, -1, 0, 1, 194, 96.0, 0.0, 0.0] + 0]
[INFO - 63: [2, -1, 0, 1, 194, 96.0, 0.0, 0.0] + 1 + 16 -> [2, 2, 0, 1, 256, 96.0, 0.0, 0.0] + 10.0]
[INFO - 1: [0, 0, -1, -1, 0, 32.0, 0.0, 0.0] + 3 + 8 -> [0, 1, -1, -1, 10, 32.0, 0.0, 0.0] + 10.0]
[INFO - 64: [2, 2, 0, 1, 256, 96.0, 0.0, 0.0] + 4 + 0 -> [3, 3, 0, -1, 282, 128.0, 0.0, 0.0] + 0]
[INFO - 92: [3, 3, 0, -1, 282, 128.0, 0.0, 0.0] + 4 + 0 -> [3, 3, 0, -1, 282, 128.0, 0.0, 0.0] + 0]
[INFO - 93: [3, 3, 0, -1, 282, 128.0, 0.0, 0.0] + 4 + 0 -> [3, 3, 0, -1, 282, 128.0, 0.0, 0.0] + 0]
[INFO - 94: [3, 3, 0, -1, 282, 128.0, 0.0, 0.0] + 4 + 0 -> [3, 3, 0, -1, 282, 128.0, 0.0, 0.0] + 0]
[INFO - 95: [3, 3, 0, -1, 282, 128.0, 0.0, 0.0] + 0 + 8 -> [3, 3, 0, -1, 282, 128.0, 0.0, 0.0] + 10.0]
[INFO - 96: [3, 3, 0, -1, 282, 128.0, 0.0, 0.0] + 4 + 0 -> [3, 3, 0, -1, 282, 128.0, 0.0, 0.0] + 0]
[INFO - episode: 3 >>>>>>>>>>>>>>>>>> ]
[INFO - 1: [0, 0, -1, -1, 0, 32.0, 0.0, 0.0] + 4 + 0 -> [1, 2, -1, 1, 70, 64.0, 0.0, 0.0] + 0]
[INFO - 32: [1, 2, -1, 1, 70, 64.0, 0.0, 0.0] + 4 + 0 -> [2, -1, 0, 1, 179, 96.0, 0.0, 0.0] + 0]
[INFO - 62: [2, -1, 0, 1, 179, 96.0, 0.0, 0.0] + 0 + 24 -> [2, -1, 0, 1, 484, 96.0, 0.0, 0.0] + 10.0]
[INFO - 63: [2, -1, 0, 1, 484, 96.0, 0.0, 0.0] + 4 + 0 -> [3, 3, 0, -1, 579, 128.0, 0.0, 0.0] + 0]
[INFO - 91: [3, 3, 0, -1, 579, 128.0, 0.0, 0.0] + 0 + 8 -> [3, 3, 0, -1, 579, 128.0, 0.0, 0.0] + 10.0]
[INFO - 92: [3, 3, 0, -1, 579, 128.0, 0.0, 0.0] + 4 + 0 -> [3, 3, 0, -1, 579, 128.0, 0.0, 0.0] + 0]
[INFO - 93: [3, 3, 0, -1, 579, 128.0, 0.0, 0.0] + 4 + 0 -> [3, 3, 0, -1, 579, 128.0, 0.0, 0.0] + 0]
[INFO - 94: [3, 3, 0, -1, 579, 128.0, 0.0, 0.0] + 4 + 0 -> [3, 3, 0, -1, 579, 128.0, 0.0, 0.0] + 0]
[INFO - 95: [3, 3, 0, -1, 579, 128.0, 0.0, 0.0] + 4 + 0 -> [3, 3, 0, -1, 579, 128.0, 0.0, 0.0] + 0]
[INFO - 96: [3, 3, 0, -1, 579, 128.0, 0.0, 0.0] + 4 + 0 -> [3, 3, 0, -1, 579, 128.0, 0.0, 0.0] + 0]
[INFO - episode: 4 >>>>>>>>>>>>>>>>>> ]
[INFO - 1: [0, 0, -1, -1, 49, 32.0, 0.0, 0.0] + 4 + 0 -> [0, 0, -1, -1, 49, 32.0, 0.0, 0.0] + 0]
[INFO - 3: [0, 1, -1, -1, 59, 32.0, 0.0, 0.0] + 4 + 0 -> [1, 2, -1, 1, 129, 64.0, 0.0, 0.0] + 0]
[INFO - 34: [1, 2, -1, 1, 129, 64.0, 0.0, 0.0] + 1 + 8 -> [1, 2, -1, 1, 139, 64.0, 0.0, 0.0] + 10.0]
[INFO - 35: [1, 2, -1, 1, 139, 64.0, 0.0, 0.0] + 4 + 0 -> [2, 2, 0, 1, 248, 96.0, 0.0, 0.0] + 0]
[INFO - 65: [2, 2, 0, 1, 248, 96.0, 0.0, 0.0] + 4 + 0 -> [3, 3, 0, -1, 274, 128.0, 0.0, 0.0] + 0]
[INFO - 93: [3, 3, 0, -1, 274, 128.0, 0.0, 0.0] + 0 + 16 -> [3, 3, 0, -1, 274, 128.0, 0.0, 0.0] + 10.0]
[INFO - 94: [3, 3, 0, -1, 274, 128.0, 0.0, 0.0] + 4 + 0 -> [3, 3, 0, -1, 274, 128.0, 0.0, 0.0] + 0]
[INFO - 95: [3, 3, 0, -1, 274, 128.0, 0.0, 0.0] + 4 + 0 -> [3, 3, 0, -1, 274, 128.0, 0.0, 0.0] + 0]
[INFO - 96: [3, 3, 0, -1, 274, 128.0, 0.0, 0.0] + 4 + 0 -> [3, 3, 0, -1, 274, 128.0, 0.0, 0.0] + 0]
[INFO - 97: [3, 3, 0, -1, 274, 128.0, 0.0, 0.0] + 4 + 0 -> [3, 3, 0, -1, 274, 128.0, 0.0, 0.0] + 0]
[INFO - 2: [0, 0, -1, -1, 49, 32.0, 0.0, 0.0] + 3 + 8 -> [3, 3, 0, -1, 274, 128.0, 0.0, 0.0] + 2.5]
[INFO - episode: 5 >>>>>>>>>>>>>>>>>> ]
[INFO - 1: [0, 0, -1, -1, 44, 32.0, 0.0, 0.0] + 4 + 0 -> [0, 0, -1, -1, 54, 32.0, 0.0, 0.0] + 0]
[INFO - 2: [0, 0, -1, -1, 54, 32.0, 0.0, 0.0] + 4 + 0 -> [1, 1, -1, 1, 124, 64.0, 0.0, 0.0] + 0]
[INFO - 33: [1, 1, -1, 1, 124, 64.0, 0.0, 0.0] + 4 + 0 -> [2, -1, 0, 1, 233, 96.0, 0.0, 0.0] + 0]
[INFO - 63: [2, -1, 0, 1, 233, 96.0, 0.0, 0.0] + 1 + 32 -> [2, -1, 0, 1, 357, 96.0, 0.0, 0.0] + 10.0]
[INFO - 64: [2, -1, 0, 1, 357, 96.0, 0.0, 0.0] + 4 + 0 -> [3, 3, 0, -1, 383, 128.0, 0.0, 0.0] + 0]
[INFO - 92: [3, 3, 0, -1, 383, 128.0, 0.0, 0.0] + 4 + 0 -> [3, 3, 0, -1, 383, 128.0, 0.0, 0.0] + 0]
[INFO - 93: [3, 3, 0, -1, 383, 128.0, 0.0, 0.0] + 4 + 0 -> [3, 3, 0, -1, 383, 128.0, 0.0, 0.0] + 0]
[INFO - 94: [3, 3, 0, -1, 383, 128.0, 0.0, 0.0] + 4 + 0 -> [3, 3, 0, -1, 383, 128.0, 0.0, 0.0] + 0]
[INFO - 95: [3, 3, 0, -1, 383, 128.0, 0.0, 0.0] + 4 + 0 -> [3, 3, 0, -1, 383, 128.0, 0.0, 0.0] + 0]
[INFO - 97: [3, 3, 0, -1, 383, 128.0, 0.0, 0.0] + 4 + 0 -> [3, 3, 0, -1, 383, 128.0, 0.0, 0.0] + 0]
[INFO - 98: [3, 3, 0, -1, 383, 128.0, 0.0, 0.0] + 4 + 0 -> [3, 3, 0, -1, 383, 128.0, 0.0, 0.0] + 0]
[INFO - 96: [3, 3, 0, -1, 383, 128.0, 0.0, 0.0] + 0 + 8 -> [3, 3, 0, -1, 383, 128.0, 0.0, 0.0] + -7.440151952041672e-44]
[INFO - episode: 6 >>>>>>>>>>>>>>>>>> ]
[INFO - 2: [0, 1, -1, -1, 44, 32.0, 0.0, 0.0] + 4 + 0 -> [1, 2, -1, 1, 116, 64.0, 0.0, 0.0] + 0]
[INFO - 33: [1, 2, -1, 1, 116, 64.0, 0.0, 0.0] + 1 + 8 -> [1, 2, -1, 1, 126, 64.0, 0.0, 0.0] + 10.0]
[INFO - 34: [1, 2, -1, 1, 126, 64.0, 0.0, 0.0] + 4 + 0 -> [2, 2, 0, 1, 227, 96.0, 0.0, 0.0] + 0]
[INFO - 64: [2, 2, 0, 1, 227, 96.0, 0.0, 0.0] + 0 + 8 -> [2, 2, 0, 1, 328, 96.0, 0.0, 0.0] + 10.0]
[INFO - 65: [2, 2, 0, 1, 328, 96.0, 0.0, 0.0] + 4 + 0 -> [3, 3, 0, -1, 354, 128.0, 0.0, 0.0] + 0]
[INFO - 93: [3, 3, 0, -1, 354, 128.0, 0.0, 0.0] + 4 + 0 -> [3, 3, 0, -1, 354, 128.0, 0.0, 0.0] + 0]
[INFO - 94: [3, 3, 0, -1, 354, 128.0, 0.0, 0.0] + 4 + 0 -> [3, 3, 0, -1, 354, 128.0, 0.0, 0.0] + 0]
[INFO - 95: [3, 3, 0, -1, 354, 128.0, 0.0, 0.0] + 4 + 0 -> [3, 3, 0, -1, 354, 128.0, 0.0, 0.0] + 0]
[INFO - 96: [3, 3, 0, -1, 354, 128.0, 0.0, 0.0] + 4 + 0 -> [3, 3, 0, -1, 354, 128.0, 0.0, 0.0] + 0]
[INFO - 1: [0, 0, -1, -1, 44, 32.0, 0.0, 0.0] + 3 + 8 -> [3, 3, 0, -1, 354, 128.0, 0.0, 0.0] + -7.440151952041672e-44]
[INFO - episode: 7 >>>>>>>>>>>>>>>>>> ]
[INFO - 2: [0, 1, -1, -1, 10, 32.0, 0.0, 0.0] + 4 + 0 -> [1, 2, -1, 1, 80, 64.0, 0.0, 0.0] + 0]
[INFO - 33: [1, 2, -1, 1, 80, 64.0, 0.0, 0.0] + 1 + 8 -> [1, 2, -1, 1, 90, 64.0, 0.0, 0.0] + 10.0]
[INFO - 34: [1, 2, -1, 1, 90, 64.0, 0.0, 0.0] + 4 + 0 -> [2, 2, 0, 1, 146, 96.0, 0.0, 0.0] + 0]
[INFO - 64: [2, 2, 0, 1, 146, 96.0, 0.0, 0.0] + 1 + 8 -> [2, 2, 0, 1, 177, 96.0, 0.0, 0.0] + 10.0]
[INFO - 65: [2, 2, 0, 1, 177, 96.0, 0.0, 0.0] + 4 + 0 -> [3, 3, 0, -1, 198, 128.0, 0.0, 0.0] + 0]
[INFO - 93: [3, 3, 0, -1, 198, 128.0, 0.0, 0.0] + 4 + 0 -> [3, 3, 0, -1, 198, 128.0, 0.0, 0.0] + 0]
[INFO - 94: [3, 3, 0, -1, 198, 128.0, 0.0, 0.0] + 4 + 0 -> [3, 3, 0, -1, 198, 128.0, 0.0, 0.0] + 0]
[INFO - 95: [3, 3, 0, -1, 198, 128.0, 0.0, 0.0] + 4 + 0 -> [3, 3, 0, -1, 198, 128.0, 0.0, 0.0] + 0]
[INFO - 1: [0, 0, -1, -1, 0, 32.0, 0.0, 0.0] + 3 + 8 -> [3, 3, 0, -1, 198, 128.0, 0.0, 0.0] + -7.440151952041672e-44]
[INFO - episode: 8 >>>>>>>>>>>>>>>>>> ]
[INFO - 1: [0, 0, -1, -1, 68, 32.0, 0.0, 0.0] + 4 + 0 -> [1, 2, -1, 1, 92, 64.0, 0.0, 0.0] + 0]
[INFO - 32: [1, 2, -1, 1, 92, 64.0, 0.0, 0.0] + 1 + 16 -> [1, 2, -1, 1, 113, 64.0, 0.0, 0.0] + 10.0]
[INFO - 33: [1, 2, -1, 1, 113, 64.0, 0.0, 0.0] + 4 + 0 -> [2, -1, 0, 1, 169, 96.0, 0.0, 0.0] + 0]
[INFO - 63: [2, -1, 0, 1, 169, 96.0, 0.0, 0.0] + 0 + 8 -> [2, 2, 0, 1, 270, 96.0, 0.0, 0.0] + 10.0]
[INFO - 64: [2, 2, 0, 1, 270, 96.0, 0.0, 0.0] + 4 + 0 -> [3, 3, 0, -1, 365, 128.0, 0.0, 0.0] + 0]
[INFO - 93: [3, 3, 0, -1, 365, 128.0, 0.0, 0.0] + 4 + 0 -> [3, 3, 0, -1, 365, 128.0, 0.0, 0.0] + 0]
[INFO - 94: [3, 3, 0, -1, 365, 128.0, 0.0, 0.0] + 4 + 0 -> [3, 3, 0, -1, 365, 128.0, 0.0, 0.0] + 0]
[INFO - 95: [3, 3, 0, -1, 365, 128.0, 0.0, 0.0] + 4 + 0 -> [3, 3, 0, -1, 365, 128.0, 0.0, 0.0] + 0]
[INFO - 96: [3, 3, 0, -1, 365, 128.0, 0.0, 0.0] + 4 + 0 -> [3, 3, 0, -1, 365, 128.0, 0.0, 0.0] + 0]
[INFO - 97: [3, 3, 0, -1, 365, 128.0, 0.0, 0.0] + 4 + 0 -> [3, 3, 0, -1, 365, 128.0, 0.0, 0.0] + 0]
[INFO - 92: [3, 3, 0, -1, 365, 128.0, 0.0, 0.0] + 0 + 8 -> [3, 3, 0, -1, 365, 128.0, 0.0, 0.0] + -7.440151952041672e-44]
[INFO - episode: 1 >>>>>>>>>>>>>>>>>> ]
[INFO - 31: [1, 1, -1, 1, 98, 64.0, 0.0, 0.0] + 4 + 0 -> [2, 3, -1, 1, 113, 96.0, 0.0, 0.0] + 0]
[INFO - 65: [2, 3, -1, 1, 113, 96.0, 0.0, 0.0] + 1 + 32 -> [2, 3, -1, 1, 186, 96.0, 0.0, 0.0] + 10.0]
[INFO - 66: [2, 3, -1, 1, 186, 96.0, 0.0, 0.0] + 4 + 0 -> [3, 3, 0, -1, 190, 128.0, 0.0, 0.0] + 0]
[INFO - episode: 2 >>>>>>>>>>>>>>>>>> ]
[INFO - 31: [1, 1, -1, 1, 47, 64.0, 0.0, 0.0] + 4 + 0 -> [2, 3, -1, 1, 62, 96.0, 0.0, 0.0] + 0]
[INFO - 65: [2, 3, -1, 1, 62, 96.0, 0.0, 0.0] + 1 + 32 -> [2, 3, -1, 1, 135, 96.0, 0.0, 0.0] + 10.0]
[INFO - 66: [2, 3, -1, 1, 135, 96.0, 0.0, 0.0] + 4 + 0 -> [3, 3, 0, -1, 161, 128.0, 0.0, 0.0] + 0]
[INFO - episode: 3 >>>>>>>>>>>>>>>>>> ]
[INFO - 1: [0, 0, -1, -1, 25, 32.0, 0.0, 0.0] + 4 + 0 -> [1, 1, -1, 1, 79, 64.0, 0.0, 0.0] + 0]
[INFO - 31: [1, 1, -1, 1, 79, 64.0, 0.0, 0.0] + 4 + 0 -> [2, 3, -1, 1, 94, 96.0, 0.0, 0.0] + 0]
[INFO - 65: [2, 3, -1, 1, 94, 96.0, 0.0, 0.0] + 1 + 24 -> [2, 3, -1, 1, 148, 96.0, 0.0, 0.0] + 10.0]
[INFO - 66: [2, 3, -1, 1, 148, 96.0, 0.0, 0.0] + 4 + 0 -> [3, 3, 0, -1, 174, 128.0, 0.0, 0.0] + 0]
[INFO - episode: 4 >>>>>>>>>>>>>>>>>> ]
[INFO - 32: [1, 1, -1, 1, 98, 64.0, 0.0, 0.0] + 4 + 0 -> [2, 3, -1, 1, 107, 96.0, 0.0, 0.0] + 0]
[INFO - 66: [2, 3, -1, 1, 107, 96.0, 0.0, 0.0] + 4 + 0 -> [3, 3, 0, -1, 133, 128.0, 0.0, 0.0] + 0]
[INFO - 1: [0, 0, -1, -1, 24, 32.0, 0.0, 0.0] + 2 + 8 -> [1, 1, -1, 1, 98, 64.0, 0.0, 0.0] + -7.440151952041672e-44]
[INFO - 97: [3, 3, 0, -1, 133, 128.0, 0.0, 0.0] + 0 + 32 -> [3, 3, 0, -1, 135, 128.0, 0.0, 0.0] + 0.9375]
[INFO - episode: 5 >>>>>>>>>>>>>>>>>> ]
[INFO - 2: [0, 0, -1, -1, 34, 32.0, 0.0, 0.0] + 4 + 0 -> [1, 1, -1, 1, 98, 64.0, 0.0, 0.0] + 0]
[INFO - 32: [1, 1, -1, 1, 98, 64.0, 0.0, 0.0] + 1 + 8 -> [1, 1, -1, 1, 98, 64.0, 0.0, 0.0] + 10.0]
[INFO - 1: [0, 0, -1, -1, 24, 32.0, 0.0, 0.0] + 2 + 8 -> [0, 0, -1, -1, 34, 32.0, 0.0, 0.0] + 10.0]
[INFO - 33: [1, 1, -1, 1, 98, 64.0, 0.0, 0.0] + 4 + 0 -> [2, 3, -1, 1, 101, 96.0, 0.0, 0.0] + 0]
[INFO - 67: [2, 3, -1, 1, 101, 96.0, 0.0, 0.0] + 1 + 8 -> [2, 3, -1, 1, 119, 96.0, 0.0, 0.0] + 10.0]
[INFO - 68: [2, 3, -1, 1, 119, 96.0, 0.0, 0.0] + 4 + 0 -> [3, 3, 0, -1, 148, 128.0, 0.0, 0.0] + 0]
[INFO - episode: 6 >>>>>>>>>>>>>>>>>> ]
[INFO - 31: [1, 1, -1, 1, 94, 64.0, 0.0, 0.0] + 4 + 0 -> [2, 2, -1, 1, 109, 96.0, 0.0, 0.0] + 0]
[INFO - 65: [2, 2, -1, 1, 109, 96.0, 0.0, 0.0] + 4 + 0 -> [3, 3, 0, -1, 135, 128.0, 0.0, 0.0] + 0]
[INFO - 96: [3, 3, 0, -1, 135, 128.0, 0.0, 0.0] + 0 + 32 -> [3, 3, 0, -1, 137, 128.0, 0.0, 0.0] + 0.9375]
[INFO - episode: 7 >>>>>>>>>>>>>>>>>> ]
[INFO - 31: [1, 1, -1, 1, 88, 64.0, 0.0, 0.0] + 4 + 0 -> [2, 2, -1, 1, 103, 96.0, 0.0, 0.0] + 0]
[INFO - 65: [2, 2, -1, 1, 103, 96.0, 0.0, 0.0] + 4 + 0 -> [3, 3, 0, -1, 129, 128.0, 0.0, 0.0] + 0]
[INFO - episode: 8 >>>>>>>>>>>>>>>>>> ]
[INFO - 1: [0, 0, -1, -1, 25, 32.0, 0.0, 0.0] + 4 + 0 -> [1, 1, -1, 1, 89, 64.0, 0.0, 0.0] + 0]
[INFO - 31: [1, 1, -1, 1, 89, 64.0, 0.0, 0.0] + 4 + 0 -> [2, 3, -1, 1, 104, 96.0, 0.0, 0.0] + 0]
[INFO - 65: [2, 3, -1, 1, 104, 96.0, 0.0, 0.0] + 1 + 24 -> [2, 3, -1, 1, 158, 96.0, 0.0, 0.0] + 10.0]
[INFO - 66: [2, 3, -1, 1, 158, 96.0, 0.0, 0.0] + 4 + 0 -> [3, 3, 0, -1, 162, 128.0, 0.0, 0.0] + 0]
[INFO - 97: [3, 3, 0, -1, 162, 128.0, 0.0, 0.0] + 0 + 8 -> [3, 3, 0, -1, 162, 128.0, 0.0, 0.0] + -7.440151952041672e-44]
